<?xml version="1.0" encoding="utf-8"?><testsuites name="pytest tests"><testsuite name="pytest" errors="0" failures="0" skipped="0" tests="6" time="0.819" timestamp="2026-04-30T21:50:35.136139+00:00" hostname="agent-env-6d13e2fb-d869-412e-b074-22927c48ca33"><testcase classname="backend.tests.test_authix_api.TestRootHealth" name="test_root" time="0.298" /><testcase classname="backend.tests.test_authix_api.TestRootHealth" name="test_health" time="0.053" /><testcase classname="backend.tests.test_authix_api.TestStats" name="test_stats_shape" time="0.050" /><testcase classname="backend.tests.test_authix_api.TestCommands" name="test_commands_list" time="0.061" /><testcase classname="backend.tests.test_authix_api.TestCommands" name="test_customization_is_premium" time="0.176" /><testcase classname="backend.tests.test_authix_api.TestCommands" name="test_non_premium_commands" time="0.047" /></testsuite></testsuites>